#
# There is insufficient memory for the Java Runtime Environment to continue.
# Native memory allocation (malloc) failed to allocate 411216 bytes for Chunk::new
# Possible reasons:
#   The system is out of physical RAM or swap space
#   The process is running with CompressedOops enabled, and the Java Heap may be blocking the growth of the native heap
# Possible solutions:
#   Reduce memory load on the system
#   Increase physical memory or swap space
#   Check if swap backing store is full
#   Decrease Java heap size (-Xmx/-Xms)
#   Decrease number of Java threads
#   Decrease Java thread stack sizes (-Xss)
#   Set larger code cache with -XX:ReservedCodeCacheSize=
#   JVM is running with Unscaled Compressed Oops mode in which the Java heap is
#     placed in the first 4GB address space. The Java Heap base address is the
#     maximum limit for the native heap growth. Please use -XX:HeapBaseMinAddress
#     to set the Java Heap base and to place the Java Heap above 4GB virtual address.
# This output file may be truncated or incomplete.
#
#  Out of Memory Error (allocation.cpp:389), pid=18428, tid=0x00000000000045ac
#
# JRE version: Java(TM) SE Runtime Environment (8.0_321-b07) (build 1.8.0_321-b07)
# Java VM: Java HotSpot(TM) 64-Bit Server VM (25.321-b07 mixed mode windows-amd64 compressed oops)
# Failed to write core dump. Minidumps are not enabled by default on client versions of Windows
#

---------------  T H R E A D  ---------------

Current thread (0x00000113ab9c3000):  JavaThread "C2 CompilerThread0" daemon [_thread_in_native, id=17836, stack(0x0000000d8ad00000,0x0000000d8ae00000)]

Stack: [0x0000000d8ad00000,0x0000000d8ae00000]
Native frames: (J=compiled Java code, j=interpreted, Vv=VM code, C=native code)
V  [jvm.dll+0x32fc49]


Current CompileTask:
C2:   5854 2397   !   4       java.lang.ClassLoader::loadClass (122 bytes)


---------------  P R O C E S S  ---------------

Java Threads: ( => current thread )
  0x00000113ad6e3800 JavaThread "Keep-Alive-Timer" daemon [_thread_blocked, id=13404, stack(0x0000000d8b600000,0x0000000d8b700000)]
  0x00000113ad2b9800 JavaThread "Exec Stream Pumper" daemon [_thread_in_native, id=8996, stack(0x0000000d8b500000,0x0000000d8b600000)]
  0x00000113ad2b9000 JavaThread "Exec Stream Pumper" daemon [_thread_in_native, id=15936, stack(0x0000000d8b400000,0x0000000d8b500000)]
  0x00000113ad737800 JavaThread "UrlChecker-2" daemon [_thread_blocked, id=13924, stack(0x0000000d8b200000,0x0000000d8b300000)]
  0x00000113ad708800 JavaThread "Exec Default Executor" daemon [_thread_in_native, id=21000, stack(0x0000000d8b100000,0x0000000d8b200000)]
  0x00000113aba2c000 JavaThread "Service Thread" daemon [_thread_blocked, id=18776, stack(0x0000000d8af00000,0x0000000d8b000000)]
  0x00000113ab9c9800 JavaThread "C1 CompilerThread1" daemon [_thread_blocked, id=5548, stack(0x0000000d8ae00000,0x0000000d8af00000)]
=>0x00000113ab9c3000 JavaThread "C2 CompilerThread0" daemon [_thread_in_native, id=17836, stack(0x0000000d8ad00000,0x0000000d8ae00000)]
  0x00000113ab9be800 JavaThread "Attach Listener" daemon [_thread_blocked, id=12708, stack(0x0000000d8ac00000,0x0000000d8ad00000)]
  0x00000113ab9be000 JavaThread "Signal Dispatcher" daemon [_thread_blocked, id=22692, stack(0x0000000d8ab00000,0x0000000d8ac00000)]
  0x00000113ab99c800 JavaThread "Finalizer" daemon [_thread_blocked, id=7936, stack(0x0000000d8aa00000,0x0000000d8ab00000)]
  0x00000113ab4ce800 JavaThread "Reference Handler" daemon [_thread_blocked, id=20596, stack(0x0000000d8a900000,0x0000000d8aa00000)]
  0x0000011395473800 JavaThread "Forwarding newSession on session null to remote" [_thread_in_vm, id=22896, stack(0x0000000d8a500000,0x0000000d8a600000)]

Other Threads:
  0x00000113ab973800 VMThread [stack: 0x0000000d8a800000,0x0000000d8a900000] [id=23136]
  0x00000113aba78800 WatcherThread [stack: 0x0000000d8b000000,0x0000000d8b100000] [id=4380]

VM state:not at safepoint (normal execution)

VM Mutex/Monitor currently owned by a thread: None

heap address: 0x0000000080000000, size: 2048 MB, Compressed Oops mode: 32-bit
Narrow klass base: 0x0000000000000000, Narrow klass shift: 3
Compressed class space size: 1073741824 Address: 0x0000000100000000

Heap:
 PSYoungGen      total 38400K, used 7889K [0x00000000d5580000, 0x00000000d8000000, 0x0000000100000000)
  eden space 33280K, 23% used [0x00000000d5580000,0x00000000d5d34550,0x00000000d7600000)
  from space 5120K, 0% used [0x00000000d7b00000,0x00000000d7b00000,0x00000000d8000000)
  to   space 5120K, 0% used [0x00000000d7600000,0x00000000d7600000,0x00000000d7b00000)
 ParOldGen       total 62976K, used 8122K [0x0000000080000000, 0x0000000083d80000, 0x00000000d5580000)
  object space 62976K, 12% used [0x0000000080000000,0x00000000807eeab0,0x0000000083d80000)
 Metaspace       used 24946K, capacity 26258K, committed 26368K, reserved 1075200K
  class space    used 3287K, capacity 3577K, committed 3584K, reserved 1048576K

Card table byte_map: [0x00000113a60e0000,0x00000113a64f0000] byte_map_base: 0x00000113a5ce0000

Marking Bits: (ParMarkBitMap*) 0x0000000069869030
 Begin Bits: [0x00000113a67a0000, 0x00000113a87a0000)
 End Bits:   [0x00000113a87a0000, 0x00000113aa7a0000)

Polling page: 0x0000011396cf0000

CodeCache: size=245760Kb used=8112Kb max_used=8116Kb free=237647Kb
 bounds [0x0000011396d20000, 0x0000011397520000, 0x00000113a5d20000]
 total_blobs=2868 nmethods=2399 adapters=382
 compilation: enabled

Compilation events (10 events):
Event: 5.756 Thread 0x00000113ab9c9800 2394       3       org.openqa.selenium.json.JsonOutput$$Lambda$327/1970073944::accept (12 bytes)
Event: 5.757 Thread 0x00000113ab9c9800 nmethod 2394 0x000001139750bc50 code [0x000001139750bdc0, 0x000001139750c130]
Event: 5.763 Thread 0x00000113ab9c3000 nmethod 2388 0x000001139750f910 code [0x000001139750faa0, 0x0000011397510528]
Event: 5.763 Thread 0x00000113ab9c3000 2395       4       java.nio.Buffer::position (38 bytes)
Event: 5.764 Thread 0x00000113ab9c3000 nmethod 2395 0x00000113974fff90 code [0x00000113975000c0, 0x0000011397500178]
Event: 5.806 Thread 0x00000113ab9c3000 2396       4       java.io.File::isInvalid (47 bytes)
Event: 5.810 Thread 0x00000113ab9c3000 nmethod 2396 0x000001139750c710 code [0x000001139750c860, 0x000001139750c9f8]
Event: 5.812 Thread 0x00000113ab9c3000 2397   !   4       java.lang.ClassLoader::loadClass (122 bytes)
Event: 5.838 Thread 0x00000113ab9c9800 2398       3       com.google.common.base.Preconditions::checkArgument (13 bytes)
Event: 5.839 Thread 0x00000113ab9c9800 nmethod 2398 0x000001139750c250 code [0x000001139750c3c0, 0x000001139750c5f0]

GC Heap History (10 events):
Event: 5.447 GC heap before
{Heap before GC invocations=5 (full 1):
 PSYoungGen      total 38400K, used 33280K [0x00000000d5580000, 0x00000000d8000000, 0x0000000100000000)
  eden space 33280K, 100% used [0x00000000d5580000,0x00000000d7600000,0x00000000d7600000)
  from space 5120K, 0% used [0x00000000d7600000,0x00000000d7600000,0x00000000d7b00000)
  to   space 5120K, 0% used [0x00000000d7b00000,0x00000000d7b00000,0x00000000d8000000)
 ParOldGen       total 62976K, used 7756K [0x0000000080000000, 0x0000000083d80000, 0x00000000d5580000)
  object space 62976K, 12% used [0x0000000080000000,0x00000000807931d0,0x0000000083d80000)
 Metaspace       used 23397K, capacity 24410K, committed 24576K, reserved 1071104K
  class space    used 3022K, capacity 3259K, committed 3328K, reserved 1048576K
Event: 5.455 GC heap after
Heap after GC invocations=5 (full 1):
 PSYoungGen      total 38400K, used 5057K [0x00000000d5580000, 0x00000000d8000000, 0x0000000100000000)
  eden space 33280K, 0% used [0x00000000d5580000,0x00000000d5580000,0x00000000d7600000)
  from space 5120K, 98% used [0x00000000d7b00000,0x00000000d7ff0628,0x00000000d8000000)
  to   space 5120K, 0% used [0x00000000d7600000,0x00000000d7600000,0x00000000d7b00000)
 ParOldGen       total 62976K, used 7764K [0x0000000080000000, 0x0000000083d80000, 0x00000000d5580000)
  object space 62976K, 12% used [0x0000000080000000,0x00000000807951d0,0x0000000083d80000)
 Metaspace       used 23397K, capacity 24410K, committed 24576K, reserved 1071104K
  class space    used 3022K, capacity 3259K, committed 3328K, reserved 1048576K
}
Event: 5.488 GC heap before
{Heap before GC invocations=6 (full 1):
 PSYoungGen      total 38400K, used 5810K [0x00000000d5580000, 0x00000000d8000000, 0x0000000100000000)
  eden space 33280K, 2% used [0x00000000d5580000,0x00000000d563c260,0x00000000d7600000)
  from space 5120K, 98% used [0x00000000d7b00000,0x00000000d7ff0628,0x00000000d8000000)
  to   space 5120K, 0% used [0x00000000d7600000,0x00000000d7600000,0x00000000d7b00000)
 ParOldGen       total 62976K, used 7764K [0x0000000080000000, 0x0000000083d80000, 0x00000000d5580000)
  object space 62976K, 12% used [0x0000000080000000,0x00000000807951d0,0x0000000083d80000)
 Metaspace       used 23503K, capacity 24450K, committed 24576K, reserved 1075200K
  class space    used 3043K, capacity 3279K, committed 3328K, reserved 1048576K
Event: 5.492 GC heap after
Heap after GC invocations=6 (full 1):
 PSYoungGen      total 38400K, used 1888K [0x00000000d5580000, 0x00000000d8000000, 0x0000000100000000)
  eden space 33280K, 0% used [0x00000000d5580000,0x00000000d5580000,0x00000000d7600000)
  from space 5120K, 36% used [0x00000000d7600000,0x00000000d77d8020,0x00000000d7b00000)
  to   space 5120K, 0% used [0x00000000d7b00000,0x00000000d7b00000,0x00000000d8000000)
 ParOldGen       total 62976K, used 7764K [0x0000000080000000, 0x0000000083d80000, 0x00000000d5580000)
  object space 62976K, 12% used [0x0000000080000000,0x00000000807951d0,0x0000000083d80000)
 Metaspace       used 23503K, capacity 24450K, committed 24576K, reserved 1075200K
  class space    used 3043K, capacity 3279K, committed 3328K, reserved 1048576K
}
Event: 5.492 GC heap before
{Heap before GC invocations=7 (full 2):
 PSYoungGen      total 38400K, used 1888K [0x00000000d5580000, 0x00000000d8000000, 0x0000000100000000)
  eden space 33280K, 0% used [0x00000000d5580000,0x00000000d5580000,0x00000000d7600000)
  from space 5120K, 36% used [0x00000000d7600000,0x00000000d77d8020,0x00000000d7b00000)
  to   space 5120K, 0% used [0x00000000d7b00000,0x00000000d7b00000,0x00000000d8000000)
 ParOldGen       total 62976K, used 7764K [0x0000000080000000, 0x0000000083d80000, 0x00000000d5580000)
  object space 62976K, 12% used [0x0000000080000000,0x00000000807951d0,0x0000000083d80000)
 Metaspace       used 23503K, capacity 24450K, committed 24576K, reserved 1075200K
  class space    used 3043K, capacity 3279K, committed 3328K, reserved 1048576K
Event: 5.563 GC heap after
Heap after GC invocations=7 (full 2):
 PSYoungGen      total 38400K, used 0K [0x00000000d5580000, 0x00000000d8000000, 0x0000000100000000)
  eden space 33280K, 0% used [0x00000000d5580000,0x00000000d5580000,0x00000000d7600000)
  from space 5120K, 0% used [0x00000000d7600000,0x00000000d7600000,0x00000000d7b00000)
  to   space 5120K, 0% used [0x00000000d7b00000,0x00000000d7b00000,0x00000000d8000000)
 ParOldGen       total 62976K, used 8014K [0x0000000080000000, 0x0000000083d80000, 0x00000000d5580000)
  object space 62976K, 12% used [0x0000000080000000,0x00000000807d3928,0x0000000083d80000)
 Metaspace       used 23503K, capacity 24450K, committed 24576K, reserved 1073152K
  class space    used 3043K, capacity 3279K, committed 3328K, reserved 1048576K
}
Event: 5.590 GC heap before
{Heap before GC invocations=8 (full 2):
 PSYoungGen      total 38400K, used 1391K [0x00000000d5580000, 0x00000000d8000000, 0x0000000100000000)
  eden space 33280K, 4% used [0x00000000d5580000,0x00000000d56dbc68,0x00000000d7600000)
  from space 5120K, 0% used [0x00000000d7600000,0x00000000d7600000,0x00000000d7b00000)
  to   space 5120K, 0% used [0x00000000d7b00000,0x00000000d7b00000,0x00000000d8000000)
 ParOldGen       total 62976K, used 8014K [0x0000000080000000, 0x0000000083d80000, 0x00000000d5580000)
  object space 62976K, 12% used [0x0000000080000000,0x00000000807d3928,0x0000000083d80000)
 Metaspace       used 23707K, capacity 24828K, committed 24832K, reserved 1077248K
  class space    used 3081K, capacity 3324K, committed 3328K, reserved 1048576K
Event: 5.592 GC heap after
Heap after GC invocations=8 (full 2):
 PSYoungGen      total 38400K, used 251K [0x00000000d5580000, 0x00000000d8000000, 0x0000000100000000)
  eden space 33280K, 0% used [0x00000000d5580000,0x00000000d5580000,0x00000000d7600000)
  from space 5120K, 4% used [0x00000000d7b00000,0x00000000d7b3ec98,0x00000000d8000000)
  to   space 5120K, 0% used [0x00000000d7600000,0x00000000d7600000,0x00000000d7b00000)
 ParOldGen       total 62976K, used 8014K [0x0000000080000000, 0x0000000083d80000, 0x00000000d5580000)
  object space 62976K, 12% used [0x0000000080000000,0x00000000807d3928,0x0000000083d80000)
 Metaspace       used 23707K, capacity 24828K, committed 24832K, reserved 1077248K
  class space    used 3081K, capacity 3324K, committed 3328K, reserved 1048576K
}
Event: 5.592 GC heap before
{Heap before GC invocations=9 (full 3):
 PSYoungGen      total 38400K, used 251K [0x00000000d5580000, 0x00000000d8000000, 0x0000000100000000)
  eden space 33280K, 0% used [0x00000000d5580000,0x00000000d5580000,0x00000000d7600000)
  from space 5120K, 4% used [0x00000000d7b00000,0x00000000d7b3ec98,0x00000000d8000000)
  to   space 5120K, 0% used [0x00000000d7600000,0x00000000d7600000,0x00000000d7b00000)
 ParOldGen       total 62976K, used 8014K [0x0000000080000000, 0x0000000083d80000, 0x00000000d5580000)
  object space 62976K, 12% used [0x0000000080000000,0x00000000807d3928,0x0000000083d80000)
 Metaspace       used 23707K, capacity 24828K, committed 24832K, reserved 1077248K
  class space    used 3081K, capacity 3324K, committed 3328K, reserved 1048576K
Event: 5.666 GC heap after
Heap after GC invocations=9 (full 3):
 PSYoungGen      total 38400K, used 0K [0x00000000d5580000, 0x00000000d8000000, 0x0000000100000000)
  eden space 33280K, 0% used [0x00000000d5580000,0x00000000d5580000,0x00000000d7600000)
  from space 5120K, 0% used [0x00000000d7b00000,0x00000000d7b00000,0x00000000d8000000)
  to   space 5120K, 0% used [0x00000000d7600000,0x00000000d7600000,0x00000000d7b00000)
 ParOldGen       total 62976K, used 8122K [0x0000000080000000, 0x0000000083d80000, 0x00000000d5580000)
  object space 62976K, 12% used [0x0000000080000000,0x00000000807eeab0,0x0000000083d80000)
 Metaspace       used 23707K, capacity 24828K, committed 24832K, reserved 1075200K
  class space    used 3081K, capacity 3324K, committed 3328K, reserved 1048576K
}

Deoptimization events (10 events):
Event: 4.413 Thread 0x0000011395473800 Uncommon trap: reason=unstable_if action=reinterpret pc=0x0000011397251820 method=java.util.concurrent.ConcurrentHashMap.putVal(Ljava/lang/Object;Ljava/lang/Object;Z)Ljava/lang/Object; @ 195
Event: 4.419 Thread 0x0000011395473800 Uncommon trap: reason=unstable_if action=reinterpret pc=0x000001139739ebb0 method=java.util.concurrent.ConcurrentHashMap.transfer([Ljava/util/concurrent/ConcurrentHashMap$Node;[Ljava/util/concurrent/ConcurrentHashMap$Node;)V @ 356
Event: 4.608 Thread 0x0000011395473800 Uncommon trap: reason=unstable_if action=reinterpret pc=0x000001139731a5d4 method=java.lang.CharacterDataLatin1.digit(II)I @ 82
Event: 4.634 Thread 0x0000011395473800 Uncommon trap: reason=bimorphic action=maybe_recompile pc=0x0000011397256584 method=java.net.URL.<init>(Ljava/net/URL;Ljava/lang/String;Ljava/net/URLStreamHandler;)V @ 504
Event: 4.634 Thread 0x0000011395473800 Uncommon trap: reason=unstable_if action=reinterpret pc=0x000001139726f7c4 method=sun.net.util.IPAddressUtil.scan(Ljava/lang/String;JJ[C)I @ 14
Event: 4.799 Thread 0x0000011395473800 Uncommon trap: reason=unstable_if action=reinterpret pc=0x0000011396eec3a4 method=java.lang.String.replace(CC)Ljava/lang/String; @ 2
Event: 4.801 Thread 0x0000011395473800 Uncommon trap: reason=bimorphic action=maybe_recompile pc=0x0000011397256584 method=java.net.URL.<init>(Ljava/net/URL;Ljava/lang/String;Ljava/net/URLStreamHandler;)V @ 504
Event: 4.801 Thread 0x0000011395473800 Uncommon trap: reason=unstable_if action=reinterpret pc=0x000001139722eb38 method=sun.net.util.IPAddressUtil.scan(Ljava/lang/String;JJ[C)I @ 14
Event: 4.822 Thread 0x00000113ad737800 Uncommon trap: reason=predicate action=maybe_recompile pc=0x00000113970e9330 method=sun.net.www.ParseUtil.encodePath(Ljava/lang/String;Z)Ljava/lang/String; @ 36
Event: 5.696 Thread 0x0000011395473800 Uncommon trap: reason=unstable_if action=reinterpret pc=0x00000113974d2e24 method=jdk.internal.org.objectweb.asm.Item.isEqualTo(Ljdk/internal/org/objectweb/asm/Item;)Z @ 331

Classes redefined (0 events):
No events

Internal exceptions (10 events):
Event: 1.992 Thread 0x0000011395473800 Exception <a 'java/lang/NoSuchMethodError': java.lang.Object.lambda$or$2(Ljava/util/function/Predicate;Ljava/lang/Object;)Z> (0x00000000d6a8c888) thrown at [C:\jenkins\workspace\8-2-build-windows-amd64-cygwin\jdk8u321\2141\hotspot\src\share\vm\interpreter
Event: 2.013 Thread 0x0000011395473800 Exception <a 'java/lang/NoSuchMethodError': java.lang.Object.lambda$andThen$0(Ljava/util/function/Function;Ljava/lang/Object;Ljava/lang/Object;)Ljava/lang/Object;> (0x00000000d6ac6718) thrown at [C:\jenkins\workspace\8-2-build-windows-amd64-cygwin\jdk8u32
Event: 2.139 Thread 0x0000011395473800 Exception <a 'java/lang/NoSuchMethodError': java.lang.Object.lambda$codePoints$1()Ljava/util/Spliterator$OfInt;> (0x00000000d6e81200) thrown at [C:\jenkins\workspace\8-2-build-windows-amd64-cygwin\jdk8u321\2141\hotspot\src\share\vm\interpreter\linkResolve
Event: 2.623 Thread 0x0000011395473800 Exception <a 'java/lang/NoSuchMethodError': java.lang.Object.lambda$maxBy$1(Ljava/util/Comparator;Ljava/lang/Object;Ljava/lang/Object;)Ljava/lang/Object;> (0x00000000d5e5c598) thrown at [C:\jenkins\workspace\8-2-build-windows-amd64-cygwin\jdk8u321\2141\ho
Event: 3.556 Thread 0x0000011395473800 Exception <a 'java/io/FileNotFoundException'> (0x00000000d6a53d58) thrown at [C:\jenkins\workspace\8-2-build-windows-amd64-cygwin\jdk8u321\2141\hotspot\src\share\vm\prims\jni.cpp, line 710]
Event: 3.575 Thread 0x0000011395473800 Implicit null exception at 0x0000011397189618 to 0x00000113971896a6
Event: 3.622 Thread 0x0000011395473800 Exception <a 'java/lang/NoClassDefFoundError': org/slf4j/impl/StaticLoggerBinder> (0x00000000d6c7c810) thrown at [C:\jenkins\workspace\8-2-build-windows-amd64-cygwin\jdk8u321\2141\hotspot\src\share\vm\classfile\systemDictionary.cpp, line 201]
Event: 4.334 Thread 0x0000011395473800 Exception <a 'java/lang/NoClassDefFoundError': org/apache/log4j/Priority> (0x00000000d5f7a370) thrown at [C:\jenkins\workspace\8-2-build-windows-amd64-cygwin\jdk8u321\2141\hotspot\src\share\vm\classfile\systemDictionary.cpp, line 201]
Event: 5.328 Thread 0x00000113ad737800 Exception <a 'java/net/SocketTimeoutException': connect timed out> (0x00000000d73675a0) thrown at [C:\jenkins\workspace\8-2-build-windows-amd64-cygwin\jdk8u321\2141\hotspot\src\share\vm\prims\jni.cpp, line 737]
Event: 5.667 Thread 0x0000011395473800 Exception <a 'java/lang/NoSuchMethodError': java.lang.Object.lambda$chars$0()Ljava/util/Spliterator$OfInt;> (0x00000000d55804a0) thrown at [C:\jenkins\workspace\8-2-build-windows-amd64-cygwin\jdk8u321\2141\hotspot\src\share\vm\interpreter\linkResolver.cpp

Events (10 events):
Event: 5.846 loading class com/google/common/collect/Multimaps$Entries
Event: 5.846 loading class com/google/common/collect/Multimaps$Entries done
Event: 5.846 loading class okhttp3/Request$Builder
Event: 5.846 loading class okhttp3/Request$Builder done
Event: 5.847 loading class okhttp3/Headers$Builder
Event: 5.847 loading class okhttp3/Headers$Builder done
Event: 5.848 loading class okhttp3/HttpUrl
Event: 5.848 loading class okhttp3/HttpUrl done
Event: 5.850 loading class okhttp3/HttpUrl$Builder
Event: 5.850 loading class okhttp3/HttpUrl$Builder done


Dynamic libraries:
0x00007ff79c9d0000 - 0x00007ff79ca17000 	C:\Program Files\Java\jre1.8.0_321\bin\javaw.exe
0x00007ffb9a6b0000 - 0x00007ffb9a8a8000 	C:\Windows\SYSTEM32\ntdll.dll
0x00007ffb99260000 - 0x00007ffb9931d000 	C:\Windows\System32\KERNEL32.DLL
0x00007ffb97df0000 - 0x00007ffb980be000 	C:\Windows\System32\KERNELBASE.dll
0x00007ffb99370000 - 0x00007ffb9941e000 	C:\Windows\System32\ADVAPI32.dll
0x00007ffb9a3a0000 - 0x00007ffb9a43e000 	C:\Windows\System32\msvcrt.dll
0x00007ffb98f50000 - 0x00007ffb98fec000 	C:\Windows\System32\sechost.dll
0x00007ffb99060000 - 0x00007ffb99185000 	C:\Windows\System32\RPCRT4.dll
0x00007ffb99f60000 - 0x00007ffb9a100000 	C:\Windows\System32\USER32.dll
0x00007ffb981d0000 - 0x00007ffb981f2000 	C:\Windows\System32\win32u.dll
0x00007ffb9a2b0000 - 0x00007ffb9a2da000 	C:\Windows\System32\GDI32.dll
0x00007ffb980c0000 - 0x00007ffb981cb000 	C:\Windows\System32\gdi32full.dll
0x00007ffb98200000 - 0x00007ffb9829d000 	C:\Windows\System32\msvcp_win.dll
0x00007ffb98550000 - 0x00007ffb98650000 	C:\Windows\System32\ucrtbase.dll
0x00007ffb71630000 - 0x00007ffb718ca000 	C:\Windows\WinSxS\amd64_microsoft.windows.common-controls_6595b64144ccf1df_6.0.19041.1110_none_60b5254171f9507e\COMCTL32.dll
0x00007ffb99320000 - 0x00007ffb99350000 	C:\Windows\System32\IMM32.DLL
0x00007ffb81da0000 - 0x00007ffb81db5000 	C:\Program Files\Java\jre1.8.0_321\bin\vcruntime140.dll
0x00007ffb7d370000 - 0x00007ffb7d40b000 	C:\Program Files\Java\jre1.8.0_321\bin\msvcp140.dll
0x0000000069080000 - 0x00000000698e1000 	C:\Program Files\Java\jre1.8.0_321\bin\server\jvm.dll
0x00007ffb99350000 - 0x00007ffb99358000 	C:\Windows\System32\PSAPI.DLL
0x00007ffb82050000 - 0x00007ffb82059000 	C:\Windows\SYSTEM32\WSOCK32.dll
0x00007ffb8d220000 - 0x00007ffb8d22a000 	C:\Windows\SYSTEM32\VERSION.dll
0x00007ffb98ff0000 - 0x00007ffb9905b000 	C:\Windows\System32\WS2_32.dll
0x00007ffb7e090000 - 0x00007ffb7e0b7000 	C:\Windows\SYSTEM32\WINMM.dll
0x00007ffb95ba0000 - 0x00007ffb95bb2000 	C:\Windows\SYSTEM32\kernel.appcore.dll
0x00007ffb8f510000 - 0x00007ffb8f520000 	C:\Program Files\Java\jre1.8.0_321\bin\verify.dll
0x00007ffb81cb0000 - 0x00007ffb81cdb000 	C:\Program Files\Java\jre1.8.0_321\bin\java.dll
0x00007ffb816e0000 - 0x00007ffb816f8000 	C:\Program Files\Java\jre1.8.0_321\bin\zip.dll
0x00007ffb99420000 - 0x00007ffb99b63000 	C:\Windows\System32\SHELL32.dll
0x00007ffb95da0000 - 0x00007ffb96535000 	C:\Windows\SYSTEM32\windows.storage.dll
0x00007ffb99c00000 - 0x00007ffb99f54000 	C:\Windows\System32\combase.dll
0x00007ffb97730000 - 0x00007ffb97760000 	C:\Windows\SYSTEM32\Wldp.dll
0x00007ffb98b50000 - 0x00007ffb98bfd000 	C:\Windows\System32\SHCORE.dll
0x00007ffb9a4c0000 - 0x00007ffb9a515000 	C:\Windows\System32\shlwapi.dll
0x00007ffb97ce0000 - 0x00007ffb97cff000 	C:\Windows\SYSTEM32\profapi.dll
0x00007ffb81040000 - 0x00007ffb8105c000 	C:\Program Files\Java\jre1.8.0_321\bin\net.dll
0x00007ffb97490000 - 0x00007ffb974fa000 	C:\Windows\system32\mswsock.dll
0x00007ffb81020000 - 0x00007ffb81033000 	C:\Program Files\Java\jre1.8.0_321\bin\nio.dll
0x00007ffb97680000 - 0x00007ffb97698000 	C:\Windows\SYSTEM32\CRYPTSP.dll
0x00007ffb96d00000 - 0x00007ffb96d34000 	C:\Windows\system32\rsaenh.dll
0x00007ffb98400000 - 0x00007ffb98427000 	C:\Windows\System32\bcrypt.dll
0x00007ffb97ca0000 - 0x00007ffb97cce000 	C:\Windows\SYSTEM32\USERENV.dll
0x00007ffb98650000 - 0x00007ffb986d2000 	C:\Windows\System32\bcryptprimitives.dll
0x00007ffb976a0000 - 0x00007ffb976ac000 	C:\Windows\SYSTEM32\CRYPTBASE.dll
0x00007ffb97180000 - 0x00007ffb971bb000 	C:\Windows\SYSTEM32\IPHLPAPI.DLL
0x00007ffb9a2e0000 - 0x00007ffb9a2e8000 	C:\Windows\System32\NSI.dll
0x00007ffb91c50000 - 0x00007ffb91c67000 	C:\Windows\SYSTEM32\dhcpcsvc6.DLL
0x00007ffb91bf0000 - 0x00007ffb91c0d000 	C:\Windows\SYSTEM32\dhcpcsvc.DLL
0x00007ffb971c0000 - 0x00007ffb9728a000 	C:\Windows\SYSTEM32\DNSAPI.dll
0x00007ffb8a060000 - 0x00007ffb8a06d000 	C:\Program Files\Java\jre1.8.0_321\bin\management.dll
0x00007ffb8c7c0000 - 0x00007ffb8c7d7000 	C:\Windows\system32\napinsp.dll
0x00007ffb8c510000 - 0x00007ffb8c52b000 	C:\Windows\system32\pnrpnsp.dll
0x00007ffb8c8e0000 - 0x00007ffb8c8f5000 	C:\Windows\system32\wshbth.dll
0x00007ffb936c0000 - 0x00007ffb936dd000 	C:\Windows\system32\NLAapi.dll
0x00007ffb8d1e0000 - 0x00007ffb8d1f2000 	C:\Windows\System32\winrnr.dll
0x00007ffb90ab0000 - 0x00007ffb90aba000 	C:\Windows\System32\rasadhlp.dll
0x00007ffb91ec0000 - 0x00007ffb91f40000 	C:\Windows\System32\fwpuclnt.dll
0x00007ffb80e60000 - 0x00007ffb80e84000 	C:\Program Files\Java\jre1.8.0_321\bin\sunec.dll
0x00007ffb88cd0000 - 0x00007ffb88cdd000 	C:\Program Files\Java\jre1.8.0_321\bin\sunmscapi.dll
0x00007ffb982a0000 - 0x00007ffb983f6000 	C:\Windows\System32\CRYPT32.dll
0x00007ffb977a0000 - 0x00007ffb977c7000 	C:\Windows\SYSTEM32\ncrypt.dll
0x00007ffb97760000 - 0x00007ffb9779b000 	C:\Windows\SYSTEM32\NTASN1.dll

VM Arguments:
jvm_args: -Dfile.encoding=Cp1252 
java_command: cucumber.api.cli.Main C:/Users/Khairnar_S/eclipse-workspace/AutomationPOFerries/src/test/java/features/NewBookingErrorMessage.feature --glue classpath: --plugin pretty --monochrome
java_class_path (initial): C:\Users\Khairnar_S\eclipse-workspace\AutomationPOFerries\target\classes;C:\Users\Khairnar_S\eclipse-workspace\AutomationPOFerries\target\test-classes;C:\Users\Khairnar_S\.m2\repository\org\testng\testng\7.4.0\testng-7.4.0.jar;C:\Users\Khairnar_S\.m2\repository\com\beust\jcommander\1.78\jcommander-1.78.jar;C:\Users\Khairnar_S\.m2\repository\org\webjars\jquery\3.5.1\jquery-3.5.1.jar;C:\Users\Khairnar_S\.m2\repository\org\seleniumhq\selenium\selenium-java\3.141.59\selenium-java-3.141.59.jar;C:\Users\Khairnar_S\.m2\repository\org\seleniumhq\selenium\selenium-api\3.141.59\selenium-api-3.141.59.jar;C:\Users\Khairnar_S\.m2\repository\org\seleniumhq\selenium\selenium-chrome-driver\3.141.59\selenium-chrome-driver-3.141.59.jar;C:\Users\Khairnar_S\.m2\repository\org\seleniumhq\selenium\selenium-edge-driver\3.141.59\selenium-edge-driver-3.141.59.jar;C:\Users\Khairnar_S\.m2\repository\org\seleniumhq\selenium\selenium-firefox-driver\3.141.59\selenium-firefox-driver-3.141.59.jar;C:\Users\Khairnar_S\.m2\repository\org\seleniumhq\selenium\selenium-ie-driver\3.141.59\selenium-ie-driver-3.141.59.jar;C:\Users\Khairnar_S\.m2\repository\org\seleniumhq\selenium\selenium-opera-driver\3.141.59\selenium-opera-driver-3.141.59.jar;C:\Users\Khairnar_S\.m2\repository\org\seleniumhq\selenium\selenium-remote-driver\3.141.59\selenium-remote-driver-3.141.59.jar;C:\Users\Khairnar_S\.m2\repository\org\seleniumhq\selenium\selenium-safari-driver\3.141.59\selenium-safari-driver-3.141.59.jar;C:\Users\Khairnar_S\.m2\repository\org\seleniumhq\selenium\selenium-support\3.141.59\selenium-support-3.141.59.jar;C:\Users\Khairnar_S\.m2\repository\net\bytebuddy\byte-buddy\1.8.15\byte-buddy-1.8.15.jar;C:\Users\Khairnar_S\.m2\repository\org\apache\commons\commons-exec\1.3\commons-exec-1.3.jar;C:\Users\Khairnar_S\.m2\repository\com\google\guava\guava\25.0-jre\guava-25.0-jre.jar;C:\Users\Khairnar_S\.m2\repository\com\google\code\findbugs\jsr305\1.3.9\jsr305-1.3.9.jar;C:\Users\Khairnar_S\.
Launcher Type: SUN_STANDARD

Environment Variables:
JAVA_HOME=C:\Program Files\Java\jdk-16.0.2
CLASSPATH=C:\Program Files\Java\jdk-16.0.2\lib
PATH=C:\Program Files\Common Files\Oracle\Java\javapath;C:\Program Files (x86)\Common Files\Oracle\Java\javapath;C:\Windows\system32;C:\Windows;C:\Windows\System32\Wbem;C:\Windows\System32\WindowsPowerShell\v1.0\;C:\Windows\System32\OpenSSH\;C:\Program Files\Java\jdk-16.0.2\bin;C:\Program Files\Git\cmd;C:\Program Files\Java\apache-maven-3.8.4\bin;C:\Program Files\Java\jdk-16.0.2\bin;C:\Program Files (x86)\CheckPoint\Endpoint Security\Endpoint Common\bin;C:\Users\Khairnar_S\AppData\Local\Microsoft\WindowsApps;C:\Users\Khairnar_S\AppData\Local\GitHubDesktop\bin
USERNAME=Khairnar_S
OS=Windows_NT
PROCESSOR_IDENTIFIER=Intel64 Family 6 Model 85 Stepping 7, GenuineIntel



---------------  S Y S T E M  ---------------

OS: Windows 10 , 64 bit Build 19041 (10.0.19041.1889)

CPU:total 2 (initial active 2) (1 cores per cpu, 2 threads per core) family 6 model 85 stepping 7, cmov, cx8, fxsr, mmx, sse, sse2, sse3, ssse3, sse4.1, sse4.2, popcnt, avx, avx2, aes, clmul, erms, rtm, 3dnowpref, lzcnt, ht, tsc, bmi1, bmi2, adx

Memory: 4k page, physical 8387460k(700464k free), swap 10484352k(4236k free)

vm_info: Java HotSpot(TM) 64-Bit Server VM (25.321-b07) for windows-amd64 JRE (1.8.0_321-b07), built on Dec 15 2021 11:19:20 by "java_re" with MS VC++ 15.9 (VS2017)

time: Mon Oct 10 11:29:33 2022
timezone: Coordinated Universal Time
elapsed time: 5.864277 seconds (0d 0h 0m 5s)

